# JRE version: OpenJDK Runtime Environment Temurin-21.0.5+11 (21.0.5+11) (build 21.0.5+11-LTS)
# Java VM: OpenJDK 64-Bit Server VM Temurin-21.0.5+11 (21.0.5+11-LTS, mixed mode, sharing, tiered, compressed oops, compressed class ptrs, parallel gc, windows-amd64)
GC Precious Log:
 CardTable entry size: 512
 CPUs: 12 total, 12 available
 Memory: 15711M
 Large Page Support: Disabled
 NUMA Support: Disabled
 Compressed Oops: Enabled (32-bit)
 Alignments: Space 512K, Generation 512K, Heap 2M
 Heap Min Capacity: 100M
 Heap Initial Capacity: 100M
 Heap Max Capacity: 1G
 Pre-touch: Disabled
 Parallel Workers: 10
Heap:
 PSYoungGen      total 23552K, used 20091K [0x00000000eab00000, 0x00000000ec680000, 0x0000000100000000)
  eden space 22016K, 84% used [0x00000000eab00000,0x00000000ebd23930,0x00000000ec080000)
  from space 1536K, 98% used [0x00000000ec500000,0x00000000ec67b510,0x00000000ec680000)
  to   space 2560K, 0% used [0x00000000ec180000,0x00000000ec180000,0x00000000ec400000)
 ParOldGen       total 68608K, used 19652K [0x00000000c0000000, 0x00000000c4300000, 0x00000000eab00000)
  object space 68608K, 28% used [0x00000000c0000000,0x00000000c1331178,0x00000000c4300000)
 Metaspace       used 38041K, committed 39232K, reserved 1114112K
  class space    used 3901K, committed 4416K, reserved 1048576K
GC Heap History (20 events):
Event: 4.193 GC heap before
{Heap before GC invocations=7 (full 0):
 PSYoungGen      total 29184K, used 18040K [0x00000000eab00000, 0x00000000ece00000, 0x0000000100000000)
  eden space 24576K, 56% used [0x00000000eab00000,0x00000000eb883110,0x00000000ec300000)
  from space 4608K, 91% used [0x00000000ec980000,0x00000000ecd9b1a0,0x00000000ece00000)
  to   space 5120K, 0% used [0x00000000ec400000,0x00000000ec400000,0x00000000ec900000)
 ParOldGen       total 68608K, used 8208K [0x00000000c0000000, 0x00000000c4300000, 0x00000000eab00000)
  object space 68608K, 11% used [0x00000000c0000000,0x00000000c0804078,0x00000000c4300000)
 Metaspace       used 20665K, committed 21504K, reserved 1114112K
  class space    used 2107K, committed 2432K, reserved 1048576K
}
Event: 4.196 GC heap after
{Heap after GC invocations=7 (full 0):
 PSYoungGen      total 29184K, used 4205K [0x00000000eab00000, 0x00000000ecc00000, 0x0000000100000000)
  eden space 24576K, 0% used [0x00000000eab00000,0x00000000eab00000,0x00000000ec300000)
  from space 4608K, 91% used [0x00000000ec400000,0x00000000ec81b778,0x00000000ec880000)
  to   space 3584K, 0% used [0x00000000ec880000,0x00000000ec880000,0x00000000ecc00000)
 ParOldGen       total 68608K, used 9512K [0x00000000c0000000, 0x00000000c4300000, 0x00000000eab00000)
  object space 68608K, 13% used [0x00000000c0000000,0x00000000c094a208,0x00000000c4300000)
 Metaspace       used 20665K, committed 21504K, reserved 1114112K
  class space    used 2107K, committed 2432K, reserved 1048576K
}
Event: 4.196 GC heap before
{Heap before GC invocations=8 (full 1):
 PSYoungGen      total 29184K, used 4205K [0x00000000eab00000, 0x00000000ecc00000, 0x0000000100000000)
  eden space 24576K, 0% used [0x00000000eab00000,0x00000000eab00000,0x00000000ec300000)
  from space 4608K, 91% used [0x00000000ec400000,0x00000000ec81b778,0x00000000ec880000)
  to   space 3584K, 0% used [0x00000000ec880000,0x00000000ec880000,0x00000000ecc00000)
 ParOldGen       total 68608K, used 9512K [0x00000000c0000000, 0x00000000c4300000, 0x00000000eab00000)
  object space 68608K, 13% used [0x00000000c0000000,0x00000000c094a208,0x00000000c4300000)
 Metaspace       used 20665K, committed 21504K, reserved 1114112K
  class space    used 2107K, committed 2432K, reserved 1048576K
}
Event: 4.221 GC heap after
{Heap after GC invocations=8 (full 1):
 PSYoungGen      total 29184K, used 0K [0x00000000eab00000, 0x00000000ecc00000, 0x0000000100000000)
  eden space 24576K, 0% used [0x00000000eab00000,0x00000000eab00000,0x00000000ec300000)
  from space 4608K, 0% used [0x00000000ec400000,0x00000000ec400000,0x00000000ec880000)
  to   space 3584K, 0% used [0x00000000ec880000,0x00000000ec880000,0x00000000ecc00000)
 ParOldGen       total 68608K, used 13075K [0x00000000c0000000, 0x00000000c4300000, 0x00000000eab00000)
  object space 68608K, 19% used [0x00000000c0000000,0x00000000c0cc4cd0,0x00000000c4300000)
 Metaspace       used 20652K, committed 21504K, reserved 1114112K
  class space    used 2103K, committed 2432K, reserved 1048576K
}
Event: 4.417 GC heap before
{Heap before GC invocations=9 (full 1):
 PSYoungGen      total 29184K, used 24576K [0x00000000eab00000, 0x00000000ecc00000, 0x0000000100000000)
  eden space 24576K, 100% used [0x00000000eab00000,0x00000000ec300000,0x00000000ec300000)
  from space 4608K, 0% used [0x00000000ec400000,0x00000000ec400000,0x00000000ec880000)
  to   space 3584K, 0% used [0x00000000ec880000,0x00000000ec880000,0x00000000ecc00000)
 ParOldGen       total 68608K, used 13075K [0x00000000c0000000, 0x00000000c4300000, 0x00000000eab00000)
  object space 68608K, 19% used [0x00000000c0000000,0x00000000c0cc4cd0,0x00000000c4300000)
 Metaspace       used 23065K, committed 24000K, reserved 1114112K
  class space    used 2275K, committed 2688K, reserved 1048576K
}
Event: 4.418 GC heap after
{Heap after GC invocations=9 (full 1):
 PSYoungGen      total 25088K, used 826K [0x00000000eab00000, 0x00000000ec980000, 0x0000000100000000)
  eden space 24064K, 0% used [0x00000000eab00000,0x00000000eab00000,0x00000000ec280000)
  from space 1024K, 80% used [0x00000000ec880000,0x00000000ec94e9d8,0x00000000ec980000)
  to   space 2560K, 0% used [0x00000000ec480000,0x00000000ec480000,0x00000000ec700000)
 ParOldGen       total 68608K, used 13075K [0x00000000c0000000, 0x00000000c4300000, 0x00000000eab00000)
  object space 68608K, 19% used [0x00000000c0000000,0x00000000c0cc4cd0,0x00000000c4300000)
 Metaspace       used 23065K, committed 24000K, reserved 1114112K
  class space    used 2275K, committed 2688K, reserved 1048576K
}
Event: 4.687 GC heap before
{Heap before GC invocations=10 (full 1):
 PSYoungGen      total 25088K, used 24890K [0x00000000eab00000, 0x00000000ec980000, 0x0000000100000000)
  eden space 24064K, 100% used [0x00000000eab00000,0x00000000ec280000,0x00000000ec280000)
  from space 1024K, 80% used [0x00000000ec880000,0x00000000ec94e9d8,0x00000000ec980000)
  to   space 2560K, 0% used [0x00000000ec480000,0x00000000ec480000,0x00000000ec700000)
 ParOldGen       total 68608K, used 13075K [0x00000000c0000000, 0x00000000c4300000, 0x00000000eab00000)
  object space 68608K, 19% used [0x00000000c0000000,0x00000000c0cc4cd0,0x00000000c4300000)
 Metaspace       used 26442K, committed 27456K, reserved 1114112K
  class space    used 2527K, committed 2944K, reserved 1048576K
}
Event: 4.689 GC heap after
{Heap after GC invocations=10 (full 1):
 PSYoungGen      total 25600K, used 1885K [0x00000000eab00000, 0x00000000ec900000, 0x0000000100000000)
  eden space 23552K, 0% used [0x00000000eab00000,0x00000000eab00000,0x00000000ec200000)
  from space 2048K, 92% used [0x00000000ec480000,0x00000000ec657520,0x00000000ec680000)
  to   space 2560K, 0% used [0x00000000ec680000,0x00000000ec680000,0x00000000ec900000)
 ParOldGen       total 68608K, used 13864K [0x00000000c0000000, 0x00000000c4300000, 0x00000000eab00000)
  object space 68608K, 20% used [0x00000000c0000000,0x00000000c0d8a1e0,0x00000000c4300000)
 Metaspace       used 26442K, committed 27456K, reserved 1114112K
  class space    used 2527K, committed 2944K, reserved 1048576K
}
Event: 5.022 GC heap before
{Heap before GC invocations=11 (full 1):
 PSYoungGen      total 25600K, used 25437K [0x00000000eab00000, 0x00000000ec900000, 0x0000000100000000)
  eden space 23552K, 100% used [0x00000000eab00000,0x00000000ec200000,0x00000000ec200000)
  from space 2048K, 92% used [0x00000000ec480000,0x00000000ec657520,0x00000000ec680000)
  to   space 2560K, 0% used [0x00000000ec680000,0x00000000ec680000,0x00000000ec900000)
 ParOldGen       total 68608K, used 13864K [0x00000000c0000000, 0x00000000c4300000, 0x00000000eab00000)
  object space 68608K, 20% used [0x00000000c0000000,0x00000000c0d8a1e0,0x00000000c4300000)
 Metaspace       used 28431K, committed 29440K, reserved 1114112K
  class space    used 2691K, committed 3136K, reserved 1048576K
}
Event: 5.023 GC heap after
{Heap after GC invocations=11 (full 1):
 PSYoungGen      total 25600K, used 2278K [0x00000000eab00000, 0x00000000ec900000, 0x0000000100000000)
  eden space 23040K, 0% used [0x00000000eab00000,0x00000000eab00000,0x00000000ec180000)
  from space 2560K, 89% used [0x00000000ec680000,0x00000000ec8b9a80,0x00000000ec900000)
  to   space 2560K, 0% used [0x00000000ec400000,0x00000000ec400000,0x00000000ec680000)
 ParOldGen       total 68608K, used 14399K [0x00000000c0000000, 0x00000000c4300000, 0x00000000eab00000)
  object space 68608K, 20% used [0x00000000c0000000,0x00000000c0e0fcb0,0x00000000c4300000)
 Metaspace       used 28431K, committed 29440K, reserved 1114112K
  class space    used 2691K, committed 3136K, reserved 1048576K
}
Event: 5.400 GC heap before
{Heap before GC invocations=12 (full 1):
 PSYoungGen      total 25600K, used 25318K [0x00000000eab00000, 0x00000000ec900000, 0x0000000100000000)
  eden space 23040K, 99% used [0x00000000eab00000,0x00000000ec17fff8,0x00000000ec180000)
  from space 2560K, 89% used [0x00000000ec680000,0x00000000ec8b9a80,0x00000000ec900000)
  to   space 2560K, 0% used [0x00000000ec400000,0x00000000ec400000,0x00000000ec680000)
 ParOldGen       total 68608K, used 14399K [0x00000000c0000000, 0x00000000c4300000, 0x00000000eab00000)
  object space 68608K, 20% used [0x00000000c0000000,0x00000000c0e0fcb0,0x00000000c4300000)
 Metaspace       used 31716K, committed 32768K, reserved 1114112K
  class space    used 3068K, committed 3520K, reserved 1048576K
}
Event: 5.403 GC heap after
{Heap after GC invocations=12 (full 1):
 PSYoungGen      total 24576K, used 1998K [0x00000000eab00000, 0x00000000ec700000, 0x0000000100000000)
  eden space 22528K, 0% used [0x00000000eab00000,0x00000000eab00000,0x00000000ec100000)
  from space 2048K, 97% used [0x00000000ec400000,0x00000000ec5f3af0,0x00000000ec600000)
  to   space 1024K, 0% used [0x00000000ec600000,0x00000000ec600000,0x00000000ec700000)
 ParOldGen       total 68608K, used 16505K [0x00000000c0000000, 0x00000000c4300000, 0x00000000eab00000)
  object space 68608K, 24% used [0x00000000c0000000,0x00000000c101e6d0,0x00000000c4300000)
 Metaspace       used 31716K, committed 32768K, reserved 1114112K
  class space    used 3068K, committed 3520K, reserved 1048576K
}
Event: 5.694 GC heap before
{Heap before GC invocations=13 (full 1):
 PSYoungGen      total 24576K, used 24526K [0x00000000eab00000, 0x00000000ec700000, 0x0000000100000000)
  eden space 22528K, 100% used [0x00000000eab00000,0x00000000ec100000,0x00000000ec100000)
  from space 2048K, 97% used [0x00000000ec400000,0x00000000ec5f3af0,0x00000000ec600000)
  to   space 1024K, 0% used [0x00000000ec600000,0x00000000ec600000,0x00000000ec700000)
 ParOldGen       total 68608K, used 16505K [0x00000000c0000000, 0x00000000c4300000, 0x00000000eab00000)
  object space 68608K, 24% used [0x00000000c0000000,0x00000000c101e6d0,0x00000000c4300000)
 Metaspace       used 34428K, committed 35648K, reserved 1114112K
  class space    used 3429K, committed 3968K, reserved 1048576K
}
Event: 5.697 GC heap after
{Heap after GC invocations=13 (full 1):
 PSYoungGen      total 23040K, used 1011K [0x00000000eab00000, 0x00000000ec780000, 0x0000000100000000)
  eden space 22016K, 0% used [0x00000000eab00000,0x00000000eab00000,0x00000000ec080000)
  from space 1024K, 98% used [0x00000000ec600000,0x00000000ec6fceb0,0x00000000ec700000)
  to   space 3584K, 0% used [0x00000000ec080000,0x00000000ec080000,0x00000000ec400000)
 ParOldGen       total 68608K, used 18831K [0x00000000c0000000, 0x00000000c4300000, 0x00000000eab00000)
  object space 68608K, 27% used [0x00000000c0000000,0x00000000c1263f98,0x00000000c4300000)
 Metaspace       used 34428K, committed 35648K, reserved 1114112K
  class space    used 3429K, committed 3968K, reserved 1048576K
}
Event: 5.727 GC heap before
{Heap before GC invocations=14 (full 1):
 PSYoungGen      total 23040K, used 3301K [0x00000000eab00000, 0x00000000ec780000, 0x0000000100000000)
  eden space 22016K, 10% used [0x00000000eab00000,0x00000000ead3c7e8,0x00000000ec080000)
  from space 1024K, 98% used [0x00000000ec600000,0x00000000ec6fceb0,0x00000000ec700000)
  to   space 3584K, 0% used [0x00000000ec080000,0x00000000ec080000,0x00000000ec400000)
 ParOldGen       total 68608K, used 18831K [0x00000000c0000000, 0x00000000c4300000, 0x00000000eab00000)
  object space 68608K, 27% used [0x00000000c0000000,0x00000000c1263f98,0x00000000c4300000)
 Metaspace       used 34707K, committed 35840K, reserved 1114112K
  class space    used 3462K, committed 3968K, reserved 1048576K
}
Event: 5.728 GC heap after
{Heap after GC invocations=14 (full 1):
 PSYoungGen      total 25600K, used 256K [0x00000000eab00000, 0x00000000ec680000, 0x0000000100000000)
  eden space 22016K, 0% used [0x00000000eab00000,0x00000000eab00000,0x00000000ec080000)
  from space 3584K, 7% used [0x00000000ec080000,0x00000000ec0c0000,0x00000000ec400000)
  to   space 1536K, 0% used [0x00000000ec500000,0x00000000ec500000,0x00000000ec680000)
 ParOldGen       total 68608K, used 19815K [0x00000000c0000000, 0x00000000c4300000, 0x00000000eab00000)
  object space 68608K, 28% used [0x00000000c0000000,0x00000000c1359cb8,0x00000000c4300000)
 Metaspace       used 34707K, committed 35840K, reserved 1114112K
  class space    used 3462K, committed 3968K, reserved 1048576K
}
Event: 5.729 GC heap before
{Heap before GC invocations=15 (full 2):
 PSYoungGen      total 25600K, used 256K [0x00000000eab00000, 0x00000000ec680000, 0x0000000100000000)
  eden space 22016K, 0% used [0x00000000eab00000,0x00000000eab00000,0x00000000ec080000)
  from space 3584K, 7% used [0x00000000ec080000,0x00000000ec0c0000,0x00000000ec400000)
  to   space 1536K, 0% used [0x00000000ec500000,0x00000000ec500000,0x00000000ec680000)
 ParOldGen       total 68608K, used 19815K [0x00000000c0000000, 0x00000000c4300000, 0x00000000eab00000)
  object space 68608K, 28% used [0x00000000c0000000,0x00000000c1359cb8,0x00000000c4300000)
 Metaspace       used 34707K, committed 35840K, reserved 1114112K
  class space    used 3462K, committed 3968K, reserved 1048576K
}
Event: 5.756 GC heap after
{Heap after GC invocations=15 (full 2):
 PSYoungGen      total 25600K, used 0K [0x00000000eab00000, 0x00000000ec680000, 0x0000000100000000)
  eden space 22016K, 0% used [0x00000000eab00000,0x00000000eab00000,0x00000000ec080000)
  from space 3584K, 0% used [0x00000000ec080000,0x00000000ec080000,0x00000000ec400000)
  to   space 1536K, 0% used [0x00000000ec500000,0x00000000ec500000,0x00000000ec680000)
 ParOldGen       total 68608K, used 19308K [0x00000000c0000000, 0x00000000c4300000, 0x00000000eab00000)
  object space 68608K, 28% used [0x00000000c0000000,0x00000000c12db148,0x00000000c4300000)
 Metaspace       used 34707K, committed 35840K, reserved 1114112K
  class space    used 3462K, committed 3968K, reserved 1048576K
}
Event: 6.066 GC heap before
{Heap before GC invocations=16 (full 2):
 PSYoungGen      total 25600K, used 22016K [0x00000000eab00000, 0x00000000ec680000, 0x0000000100000000)
  eden space 22016K, 100% used [0x00000000eab00000,0x00000000ec080000,0x00000000ec080000)
  from space 3584K, 0% used [0x00000000ec080000,0x00000000ec080000,0x00000000ec400000)
  to   space 1536K, 0% used [0x00000000ec500000,0x00000000ec500000,0x00000000ec680000)
 ParOldGen       total 68608K, used 19308K [0x00000000c0000000, 0x00000000c4300000, 0x00000000eab00000)
  object space 68608K, 28% used [0x00000000c0000000,0x00000000c12db148,0x00000000c4300000)
 Metaspace       used 36795K, committed 37952K, reserved 1114112K
  class space    used 3744K, committed 4224K, reserved 1048576K
}
Event: 6.067 GC heap after
{Heap after GC invocations=16 (full 2):
 PSYoungGen      total 23552K, used 1517K [0x00000000eab00000, 0x00000000ec680000, 0x0000000100000000)
  eden space 22016K, 0% used [0x00000000eab00000,0x00000000eab00000,0x00000000ec080000)
  from space 1536K, 98% used [0x00000000ec500000,0x00000000ec67b510,0x00000000ec680000)
  to   space 2560K, 0% used [0x00000000ec180000,0x00000000ec180000,0x00000000ec400000)
 ParOldGen       total 68608K, used 19652K [0x00000000c0000000, 0x00000000c4300000, 0x00000000eab00000)
  object space 68608K, 28% used [0x00000000c0000000,0x00000000c1331178,0x00000000c4300000)
 Metaspace       used 36795K, committed 37952K, reserved 1114112K
  class space    used 3744K, committed 4224K, reserved 1048576K
}

