# JRE version: OpenJDK Runtime Environment Temurin-21.0.5+11 (21.0.5+11) (build 21.0.5+11-LTS)
# Java VM: OpenJDK 64-Bit Server VM Temurin-21.0.5+11 (21.0.5+11-LTS, mixed mode, sharing, tiered, compressed oops, compressed class ptrs, parallel gc, windows-amd64)
GC Precious Log:
 CardTable entry size: 512
 CPUs: 12 total, 12 available
 Memory: 15711M
 Large Page Support: Disabled
 NUMA Support: Disabled
 Compressed Oops: Enabled (32-bit)
 Alignments: Space 512K, Generation 512K, Heap 2M
 Heap Min Capacity: 100M
 Heap Initial Capacity: 100M
 Heap Max Capacity: 1G
 Pre-touch: Disabled
 Parallel Workers: 10
Heap:
 PSYoungGen      total 24064K, used 2216K [0x00000000eab00000, 0x00000000ec580000, 0x0000000100000000)
  eden space 22016K, 2% used [0x00000000eab00000,0x00000000eab82938,0x00000000ec080000)
  from space 2048K, 82% used [0x00000000ec380000,0x00000000ec5277c0,0x00000000ec580000)
  to   space 2048K, 0% used [0x00000000ec180000,0x00000000ec180000,0x00000000ec380000)
 ParOldGen       total 68608K, used 30716K [0x00000000c0000000, 0x00000000c4300000, 0x00000000eab00000)
  object space 68608K, 44% used [0x00000000c0000000,0x00000000c1dff030,0x00000000c4300000)
 Metaspace       used 42793K, committed 44032K, reserved 1114112K
  class space    used 4416K, committed 4992K, reserved 1048576K
GC Heap History (20 events):
Event: 4.732 GC heap before
{Heap before GC invocations=12 (full 1):
 PSYoungGen      total 25600K, used 25287K [0x00000000eab00000, 0x00000000ec900000, 0x0000000100000000)
  eden space 23040K, 99% used [0x00000000eab00000,0x00000000ec17fff0,0x00000000ec180000)
  from space 2560K, 87% used [0x00000000ec680000,0x00000000ec8b1c70,0x00000000ec900000)
  to   space 2560K, 0% used [0x00000000ec400000,0x00000000ec400000,0x00000000ec680000)
 ParOldGen       total 68608K, used 14521K [0x00000000c0000000, 0x00000000c4300000, 0x00000000eab00000)
  object space 68608K, 21% used [0x00000000c0000000,0x00000000c0e2e508,0x00000000c4300000)
 Metaspace       used 31646K, committed 32704K, reserved 1114112K
  class space    used 3072K, committed 3520K, reserved 1048576K
}
Event: 4.735 GC heap after
{Heap after GC invocations=12 (full 1):
 PSYoungGen      total 24576K, used 1932K [0x00000000eab00000, 0x00000000ec700000, 0x0000000100000000)
  eden space 22528K, 0% used [0x00000000eab00000,0x00000000eab00000,0x00000000ec100000)
  from space 2048K, 94% used [0x00000000ec400000,0x00000000ec5e3358,0x00000000ec600000)
  to   space 1024K, 0% used [0x00000000ec600000,0x00000000ec600000,0x00000000ec700000)
 ParOldGen       total 68608K, used 16587K [0x00000000c0000000, 0x00000000c4300000, 0x00000000eab00000)
  object space 68608K, 24% used [0x00000000c0000000,0x00000000c1032c10,0x00000000c4300000)
 Metaspace       used 31646K, committed 32704K, reserved 1114112K
  class space    used 3072K, committed 3520K, reserved 1048576K
}
Event: 5.046 GC heap before
{Heap before GC invocations=13 (full 1):
 PSYoungGen      total 24576K, used 24460K [0x00000000eab00000, 0x00000000ec700000, 0x0000000100000000)
  eden space 22528K, 100% used [0x00000000eab00000,0x00000000ec100000,0x00000000ec100000)
  from space 2048K, 94% used [0x00000000ec400000,0x00000000ec5e3358,0x00000000ec600000)
  to   space 1024K, 0% used [0x00000000ec600000,0x00000000ec600000,0x00000000ec700000)
 ParOldGen       total 68608K, used 16587K [0x00000000c0000000, 0x00000000c4300000, 0x00000000eab00000)
  object space 68608K, 24% used [0x00000000c0000000,0x00000000c1032c10,0x00000000c4300000)
 Metaspace       used 34221K, committed 35392K, reserved 1114112K
  class space    used 3400K, committed 3904K, reserved 1048576K
}
Event: 5.048 GC heap after
{Heap after GC invocations=13 (full 1):
 PSYoungGen      total 23040K, used 1024K [0x00000000eab00000, 0x00000000ec780000, 0x0000000100000000)
  eden space 22016K, 0% used [0x00000000eab00000,0x00000000eab00000,0x00000000ec080000)
  from space 1024K, 100% used [0x00000000ec600000,0x00000000ec700000,0x00000000ec700000)
  to   space 3584K, 0% used [0x00000000ec080000,0x00000000ec080000,0x00000000ec400000)
 ParOldGen       total 68608K, used 18896K [0x00000000c0000000, 0x00000000c4300000, 0x00000000eab00000)
  object space 68608K, 27% used [0x00000000c0000000,0x00000000c1274198,0x00000000c4300000)
 Metaspace       used 34221K, committed 35392K, reserved 1114112K
  class space    used 3400K, committed 3904K, reserved 1048576K
}
Event: 5.107 GC heap before
{Heap before GC invocations=14 (full 1):
 PSYoungGen      total 23040K, used 4254K [0x00000000eab00000, 0x00000000ec780000, 0x0000000100000000)
  eden space 22016K, 14% used [0x00000000eab00000,0x00000000eae27b20,0x00000000ec080000)
  from space 1024K, 100% used [0x00000000ec600000,0x00000000ec700000,0x00000000ec700000)
  to   space 3584K, 0% used [0x00000000ec080000,0x00000000ec080000,0x00000000ec400000)
 ParOldGen       total 68608K, used 18896K [0x00000000c0000000, 0x00000000c4300000, 0x00000000eab00000)
  object space 68608K, 27% used [0x00000000c0000000,0x00000000c1274198,0x00000000c4300000)
 Metaspace       used 34712K, committed 35840K, reserved 1114112K
  class space    used 3456K, committed 3968K, reserved 1048576K
}
Event: 5.108 GC heap after
{Heap after GC invocations=14 (full 1):
 PSYoungGen      total 25600K, used 352K [0x00000000eab00000, 0x00000000ec680000, 0x0000000100000000)
  eden space 22016K, 0% used [0x00000000eab00000,0x00000000eab00000,0x00000000ec080000)
  from space 3584K, 9% used [0x00000000ec080000,0x00000000ec0d8000,0x00000000ec400000)
  to   space 1536K, 0% used [0x00000000ec500000,0x00000000ec500000,0x00000000ec680000)
 ParOldGen       total 68608K, used 19901K [0x00000000c0000000, 0x00000000c4300000, 0x00000000eab00000)
  object space 68608K, 29% used [0x00000000c0000000,0x00000000c136f488,0x00000000c4300000)
 Metaspace       used 34712K, committed 35840K, reserved 1114112K
  class space    used 3456K, committed 3968K, reserved 1048576K
}
Event: 5.108 GC heap before
{Heap before GC invocations=15 (full 2):
 PSYoungGen      total 25600K, used 352K [0x00000000eab00000, 0x00000000ec680000, 0x0000000100000000)
  eden space 22016K, 0% used [0x00000000eab00000,0x00000000eab00000,0x00000000ec080000)
  from space 3584K, 9% used [0x00000000ec080000,0x00000000ec0d8000,0x00000000ec400000)
  to   space 1536K, 0% used [0x00000000ec500000,0x00000000ec500000,0x00000000ec680000)
 ParOldGen       total 68608K, used 19901K [0x00000000c0000000, 0x00000000c4300000, 0x00000000eab00000)
  object space 68608K, 29% used [0x00000000c0000000,0x00000000c136f488,0x00000000c4300000)
 Metaspace       used 34712K, committed 35840K, reserved 1114112K
  class space    used 3456K, committed 3968K, reserved 1048576K
}
Event: 5.134 GC heap after
{Heap after GC invocations=15 (full 2):
 PSYoungGen      total 25600K, used 0K [0x00000000eab00000, 0x00000000ec680000, 0x0000000100000000)
  eden space 22016K, 0% used [0x00000000eab00000,0x00000000eab00000,0x00000000ec080000)
  from space 3584K, 0% used [0x00000000ec080000,0x00000000ec080000,0x00000000ec400000)
  to   space 1536K, 0% used [0x00000000ec500000,0x00000000ec500000,0x00000000ec680000)
 ParOldGen       total 68608K, used 19339K [0x00000000c0000000, 0x00000000c4300000, 0x00000000eab00000)
  object space 68608K, 28% used [0x00000000c0000000,0x00000000c12e2ca8,0x00000000c4300000)
 Metaspace       used 34712K, committed 35840K, reserved 1114112K
  class space    used 3456K, committed 3968K, reserved 1048576K
}
Event: 5.482 GC heap before
{Heap before GC invocations=16 (full 2):
 PSYoungGen      total 25600K, used 22016K [0x00000000eab00000, 0x00000000ec680000, 0x0000000100000000)
  eden space 22016K, 100% used [0x00000000eab00000,0x00000000ec080000,0x00000000ec080000)
  from space 3584K, 0% used [0x00000000ec080000,0x00000000ec080000,0x00000000ec400000)
  to   space 1536K, 0% used [0x00000000ec500000,0x00000000ec500000,0x00000000ec680000)
 ParOldGen       total 68608K, used 19339K [0x00000000c0000000, 0x00000000c4300000, 0x00000000eab00000)
  object space 68608K, 28% used [0x00000000c0000000,0x00000000c12e2ca8,0x00000000c4300000)
 Metaspace       used 36838K, committed 38016K, reserved 1114112K
  class space    used 3728K, committed 4224K, reserved 1048576K
}
Event: 5.484 GC heap after
{Heap after GC invocations=16 (full 2):
 PSYoungGen      total 23552K, used 1536K [0x00000000eab00000, 0x00000000ec680000, 0x0000000100000000)
  eden space 22016K, 0% used [0x00000000eab00000,0x00000000eab00000,0x00000000ec080000)
  from space 1536K, 100% used [0x00000000ec500000,0x00000000ec680000,0x00000000ec680000)
  to   space 3072K, 0% used [0x00000000ec080000,0x00000000ec080000,0x00000000ec380000)
 ParOldGen       total 68608K, used 20152K [0x00000000c0000000, 0x00000000c4300000, 0x00000000eab00000)
  object space 68608K, 29% used [0x00000000c0000000,0x00000000c13ae1c8,0x00000000c4300000)
 Metaspace       used 36838K, committed 38016K, reserved 1114112K
  class space    used 3728K, committed 4224K, reserved 1048576K
}
Event: 5.812 GC heap before
{Heap before GC invocations=17 (full 2):
 PSYoungGen      total 23552K, used 23552K [0x00000000eab00000, 0x00000000ec680000, 0x0000000100000000)
  eden space 22016K, 100% used [0x00000000eab00000,0x00000000ec080000,0x00000000ec080000)
  from space 1536K, 100% used [0x00000000ec500000,0x00000000ec680000,0x00000000ec680000)
  to   space 3072K, 0% used [0x00000000ec080000,0x00000000ec080000,0x00000000ec380000)
 ParOldGen       total 68608K, used 20152K [0x00000000c0000000, 0x00000000c4300000, 0x00000000eab00000)
  object space 68608K, 29% used [0x00000000c0000000,0x00000000c13ae1c8,0x00000000c4300000)
 Metaspace       used 38282K, committed 39488K, reserved 1114112K
  class space    used 3915K, committed 4416K, reserved 1048576K
}
Event: 5.813 GC heap after
{Heap after GC invocations=17 (full 2):
 PSYoungGen      total 24064K, used 1976K [0x00000000eab00000, 0x00000000ec580000, 0x0000000100000000)
  eden space 22016K, 0% used [0x00000000eab00000,0x00000000eab00000,0x00000000ec080000)
  from space 2048K, 96% used [0x00000000ec080000,0x00000000ec26e280,0x00000000ec280000)
  to   space 2560K, 0% used [0x00000000ec300000,0x00000000ec300000,0x00000000ec580000)
 ParOldGen       total 68608K, used 21514K [0x00000000c0000000, 0x00000000c4300000, 0x00000000eab00000)
  object space 68608K, 31% used [0x00000000c0000000,0x00000000c1502b58,0x00000000c4300000)
 Metaspace       used 38282K, committed 39488K, reserved 1114112K
  class space    used 3915K, committed 4416K, reserved 1048576K
}
Event: 6.019 GC heap before
{Heap before GC invocations=18 (full 2):
 PSYoungGen      total 24064K, used 23992K [0x00000000eab00000, 0x00000000ec580000, 0x0000000100000000)
  eden space 22016K, 100% used [0x00000000eab00000,0x00000000ec080000,0x00000000ec080000)
  from space 2048K, 96% used [0x00000000ec080000,0x00000000ec26e280,0x00000000ec280000)
  to   space 2560K, 0% used [0x00000000ec300000,0x00000000ec300000,0x00000000ec580000)
 ParOldGen       total 68608K, used 21514K [0x00000000c0000000, 0x00000000c4300000, 0x00000000eab00000)
  object space 68608K, 31% used [0x00000000c0000000,0x00000000c1502b58,0x00000000c4300000)
 Metaspace       used 38959K, committed 40192K, reserved 1114112K
  class space    used 4003K, committed 4544K, reserved 1048576K
}
Event: 6.021 GC heap after
{Heap after GC invocations=18 (full 2):
 PSYoungGen      total 24064K, used 1771K [0x00000000eab00000, 0x00000000ec500000, 0x0000000100000000)
  eden space 22016K, 0% used [0x00000000eab00000,0x00000000eab00000,0x00000000ec080000)
  from space 2048K, 86% used [0x00000000ec300000,0x00000000ec4bae40,0x00000000ec500000)
  to   space 2048K, 0% used [0x00000000ec080000,0x00000000ec080000,0x00000000ec280000)
 ParOldGen       total 68608K, used 23235K [0x00000000c0000000, 0x00000000c4300000, 0x00000000eab00000)
  object space 68608K, 33% used [0x00000000c0000000,0x00000000c16b0db8,0x00000000c4300000)
 Metaspace       used 38959K, committed 40192K, reserved 1114112K
  class space    used 4003K, committed 4544K, reserved 1048576K
}
Event: 6.101 GC heap before
{Heap before GC invocations=19 (full 2):
 PSYoungGen      total 24064K, used 23787K [0x00000000eab00000, 0x00000000ec500000, 0x0000000100000000)
  eden space 22016K, 100% used [0x00000000eab00000,0x00000000ec080000,0x00000000ec080000)
  from space 2048K, 86% used [0x00000000ec300000,0x00000000ec4bae40,0x00000000ec500000)
  to   space 2048K, 0% used [0x00000000ec080000,0x00000000ec080000,0x00000000ec280000)
 ParOldGen       total 68608K, used 23235K [0x00000000c0000000, 0x00000000c4300000, 0x00000000eab00000)
  object space 68608K, 33% used [0x00000000c0000000,0x00000000c16b0db8,0x00000000c4300000)
 Metaspace       used 39280K, committed 40448K, reserved 1114112K
  class space    used 4031K, committed 4544K, reserved 1048576K
}
Event: 6.104 GC heap after
{Heap after GC invocations=19 (full 2):
 PSYoungGen      total 24064K, used 2018K [0x00000000eab00000, 0x00000000ec880000, 0x0000000100000000)
  eden space 22016K, 0% used [0x00000000eab00000,0x00000000eab00000,0x00000000ec080000)
  from space 2048K, 98% used [0x00000000ec080000,0x00000000ec278bd0,0x00000000ec280000)
  to   space 4096K, 0% used [0x00000000ec480000,0x00000000ec480000,0x00000000ec880000)
 ParOldGen       total 68608K, used 24867K [0x00000000c0000000, 0x00000000c4300000, 0x00000000eab00000)
  object space 68608K, 36% used [0x00000000c0000000,0x00000000c1848dc8,0x00000000c4300000)
 Metaspace       used 39280K, committed 40448K, reserved 1114112K
  class space    used 4031K, committed 4544K, reserved 1048576K
}
Event: 6.325 GC heap before
{Heap before GC invocations=20 (full 2):
 PSYoungGen      total 24064K, used 24034K [0x00000000eab00000, 0x00000000ec880000, 0x0000000100000000)
  eden space 22016K, 100% used [0x00000000eab00000,0x00000000ec080000,0x00000000ec080000)
  from space 2048K, 98% used [0x00000000ec080000,0x00000000ec278bd0,0x00000000ec280000)
  to   space 4096K, 0% used [0x00000000ec480000,0x00000000ec480000,0x00000000ec880000)
 ParOldGen       total 68608K, used 24867K [0x00000000c0000000, 0x00000000c4300000, 0x00000000eab00000)
  object space 68608K, 36% used [0x00000000c0000000,0x00000000c1848dc8,0x00000000c4300000)
 Metaspace       used 39677K, committed 40896K, reserved 1114112K
  class space    used 4082K, committed 4608K, reserved 1048576K
}
Event: 6.333 GC heap after
{Heap after GC invocations=20 (full 2):
 PSYoungGen      total 24576K, used 2242K [0x00000000eab00000, 0x00000000ec700000, 0x0000000100000000)
  eden space 22016K, 0% used [0x00000000eab00000,0x00000000eab00000,0x00000000ec080000)
  from space 2560K, 87% used [0x00000000ec480000,0x00000000ec6b0800,0x00000000ec700000)
  to   space 3072K, 0% used [0x00000000ec100000,0x00000000ec100000,0x00000000ec400000)
 ParOldGen       total 68608K, used 26700K [0x00000000c0000000, 0x00000000c4300000, 0x00000000eab00000)
  object space 68608K, 38% used [0x00000000c0000000,0x00000000c1a13018,0x00000000c4300000)
 Metaspace       used 39677K, committed 40896K, reserved 1114112K
  class space    used 4082K, committed 4608K, reserved 1048576K
}
Event: 6.474 GC heap before
{Heap before GC invocations=21 (full 2):
 PSYoungGen      total 24576K, used 23909K [0x00000000eab00000, 0x00000000ec700000, 0x0000000100000000)
  eden space 22016K, 98% used [0x00000000eab00000,0x00000000ec028c80,0x00000000ec080000)
  from space 2560K, 87% used [0x00000000ec480000,0x00000000ec6b0800,0x00000000ec700000)
  to   space 3072K, 0% used [0x00000000ec100000,0x00000000ec100000,0x00000000ec400000)
 ParOldGen       total 68608K, used 26700K [0x00000000c0000000, 0x00000000c4300000, 0x00000000eab00000)
  object space 68608K, 38% used [0x00000000c0000000,0x00000000c1a13018,0x00000000c4300000)
 Metaspace       used 40626K, committed 41856K, reserved 1114112K
  class space    used 4179K, committed 4736K, reserved 1048576K
}
Event: 6.477 GC heap after
{Heap after GC invocations=21 (full 2):
 PSYoungGen      total 24576K, used 2550K [0x00000000eab00000, 0x00000000ec680000, 0x0000000100000000)
  eden space 22016K, 0% used [0x00000000eab00000,0x00000000eab00000,0x00000000ec080000)
  from space 2560K, 99% used [0x00000000ec100000,0x00000000ec37da80,0x00000000ec380000)
  to   space 3072K, 0% used [0x00000000ec380000,0x00000000ec380000,0x00000000ec680000)
 ParOldGen       total 68608K, used 28661K [0x00000000c0000000, 0x00000000c4300000, 0x00000000eab00000)
  object space 68608K, 41% used [0x00000000c0000000,0x00000000c1bfd7e0,0x00000000c4300000)
 Metaspace       used 40626K, committed 41856K, reserved 1114112K
  class space    used 4179K, committed 4736K, reserved 1048576K
}

